<?xml version="1.0" encoding="UTF-8"?>
<testng-results skipped="0" failed="0" ignored="0" total="2" passed="2">
  <reporter-output>
  </reporter-output>
  <suite name="com.dev.AppTest" duration-ms="44" started-at="2022-05-01T10:48:20 IST" finished-at="2022-05-01T10:48:20 IST">
    <groups>
    </groups>
    <test name="Command line test" duration-ms="44" started-at="2022-05-01T10:48:20 IST" finished-at="2022-05-01T10:48:20 IST">
      <class name="com.dev.AppTest">
        <test-method status="PASS" signature="testlogin1()[pri:0, instance:com.dev.AppTest@4b9e13df]" name="testlogin1" duration-ms="7" started-at="2022-05-01T10:48:20 IST" finished-at="2022-05-01T10:48:20 IST">
          <reporter-output>
          </reporter-output>
        </test-method> <!-- testlogin1 -->
        <test-method status="PASS" signature="testlogin2()[pri:0, instance:com.dev.AppTest@4b9e13df]" name="testlogin2" duration-ms="0" started-at="2022-05-01T10:48:20 IST" finished-at="2022-05-01T10:48:20 IST">
          <reporter-output>
          </reporter-output>
        </test-method> <!-- testlogin2 -->
      </class> <!-- com.dev.AppTest -->
    </test> <!-- Command line test -->
  </suite> <!-- com.dev.AppTest -->
</testng-results>
